Running bot jerzynathor
Running bot jerzynka
Running bot kolczasta
Running bot hexabit
Running bot Klinsmann
Running bot Berbelucha
Guild is attacking, joining!
Running bot tacix
Guild is attacking, joining!
Sleeping for 6 hours
Running bot jerzynathor
Running bot jerzynka
Running bot kolczasta
Running bot hexabit
Running bot klinsmann
Guild is attacking, joining!
Running bot Berbelucha
Running bot tacix
Sleeping for 6 hours
Running bot jerzynathor
Running bot jerzynka
Running bot kolczasta
Running bot hexabit
Running bot klinsmann
Running bot Berbelucha
Running bot tacix
Running bot snoopdog
Running bot gigakiler
Running bot mechagodzilla
Running bot Tacixa
Sleeping for 6 hours
